Flutter crash report.
Please report a bug at https://github.com/flutter/flutter/issues.

## command

flutter run

## exception

PathNotFoundException: PathNotFoundException: Cannot open file, path = '/Users/sanathsajeevakumara/Desktop/flutter/bin/cache/dart-sdk/lib/dev_compiler/web/dart_stack_trace_mapper.js' (OS Error: No such file or directory, errno = 2)

```
#0      _File.throwIfError (dart:io/file_impl.dart:779:7)
#1      _File.openSync (dart:io/file_impl.dart:572:5)
#2      _File.readAsBytesSync (dart:io/file_impl.dart:660:18)
#3      ForwardingFile.readAsBytesSync (package:file/src/forwarding/forwarding_file.dart:91:43)
#4      ForwardingFile.readAsBytesSync (package:file/src/forwarding/forwarding_file.dart:91:43)
#5      WebDevFS.update (package:flutter_tools/src/isolated/devfs_web.dart:297:75)
#6      ResidentWebRunner._updateDevFS (package:flutter_tools/src/isolated/resident_web_runner.dart:801:63)
<asynchronous suspension>
#7      ResidentWebRunner.run.<anonymous closure> (package:flutter_tools/src/isolated/resident_web_runner.dart:334:41)
<asynchronous suspension>
#8      asyncGuard.<anonymous closure> (package:flutter_tools/src/base/async_guard.dart:108:24)
<asynchronous suspension>
```

## flutter doctor

```
[32m[✓][39m Flutter (Channel stable, 3.41.1, on macOS 26.1 25B78 darwin-arm64, locale en-LK) [115.2s]
    [32m•[39m Flutter version 3.41.1 on channel stable at /Users/sanathsajeevakumara/Desktop/flutter
    [32m•[39m Upstream repository https://github.com/flutter/flutter.git
    [32m•[39m Framework revision 582a0e7c55 (4 weeks ago), 2026-02-12 17:12:32 -0800
    [32m•[39m Engine revision 3452d735bd
    [32m•[39m Dart version 3.11.0
    [32m•[39m DevTools version 2.54.1
    [32m•[39m Feature flags: enable-web, enable-linux-desktop, enable-macos-desktop,
      enable-windows-desktop, enable-android, enable-ios, cli-animations, enable-native-assets,
      omit-legacy-version-file, enable-lldb-debugging, enable-uiscene-migration

[32m[✓][39m Android toolchain - develop for Android devices (Android SDK version 36.1.0) [30.3s]
    [32m•[39m Android SDK at /Users/sanathsajeevakumara/Library/Android/sdk
    [32m•[39m Emulator version 36.4.9.0 (build_id 14788078) (CL:N/A)
    [32m•[39m Platform android-36.1, build-tools 36.1.0
    [32m•[39m Java binary at: /Applications/Android Studio.app/Contents/jbr/Contents/Home/bin/java
      This is the JDK bundled with the latest Android Studio installation on this machine.
      To manually set the JDK path, use: `flutter config --jdk-dir="path/to/jdk"`.
    [32m•[39m Java version OpenJDK Runtime Environment (build 21.0.9+-14649483-b1163.86)
    [32m•[39m All Android licenses accepted.

[32m[✓][39m Xcode - develop for iOS and macOS (Xcode 26.2) [959ms]
    [32m•[39m Xcode at /Applications/Xcode.app/Contents/Developer
    [32m•[39m Build 17C52
    [32m•[39m CocoaPods version 1.16.2

[32m[✓][39m Chrome - develop for the web [5ms]
    [32m•[39m Chrome at /Applications/Google Chrome.app/Contents/MacOS/Google Chrome

[32m[✓][39m Connected device (2 available) [6.8s]
    [32m•[39m macOS (desktop) • macos  • darwin-arm64   • macOS 26.1 25B78 darwin-arm64
    [32m•[39m Chrome (web)    • chrome • web-javascript • Google Chrome 145.0.7632.160

[32m[✓][39m Network resources [1,554ms]
    [32m•[39m All expected network resources are available.

[32m•[39m No issues found!
```
