Flutter crash report.
Please report a bug at https://github.com/flutter/flutter/issues.

## command

flutter run -d chrome

## exception

FormatException: FormatException: Unexpected character (at character 1)
Loading dynamic library failed: dlopen(/Users/sanathsajeevakumara/Desktop/f...
^


```
#0      _ChunkedJsonParser.fail (dart:convert-patch/convert_patch.dart:1467:5)
#1      _ChunkedJsonParser.parseNumber (dart:convert-patch/convert_patch.dart:1333:9)
#2      _ChunkedJsonParser.parse (dart:convert-patch/convert_patch.dart:935:22)
#3      _JsonStringDecoderSink.addSlice (dart:convert-patch/convert_patch.dart:1555:13)
#4      _JsonStringDecoderSink.add (dart:convert-patch/convert_patch.dart:1560:5)
#5      _ConverterStreamEventSink.add (dart:convert/chunked_conversion.dart:70:18)
#6      _SinkTransformerStreamSubscription._handleData (dart:async/stream_transformers.dart:115:24)
#7      _rootRunUnary (dart:async/zone_root.dart:48:47)
#8      _CustomZone.runUnary (dart:async/zone.dart:733:19)
#9      _CustomZone.runUnaryGuarded (dart:async/zone.dart:633:7)
#10     _BufferingStreamSubscription._sendData (dart:async/stream_impl.dart:381:11)
#11     _BufferingStreamSubscription._add (dart:async/stream_impl.dart:312:7)
#12     _SinkTransformerStreamSubscription._add (dart:async/stream_transformers.dart:67:11)
#13     _EventSinkWrapper.add (dart:async/stream_transformers.dart:13:11)
#14     _StringAdapterSink.add (dart:convert/string_conversion.dart:228:11)
#15     _StringAdapterSink.addSlice (dart:convert/string_conversion.dart:233:7)
#16     _Utf8ConversionSink.addSlice (dart:convert/string_conversion.dart:313:20)
#17     _Utf8ConversionSink.add (dart:convert/string_conversion.dart:306:5)
#18     _ConverterStreamEventSink.add (dart:convert/chunked_conversion.dart:70:18)
#19     _SinkTransformerStreamSubscription._handleData (dart:async/stream_transformers.dart:115:24)
#20     _rootRunUnary (dart:async/zone_root.dart:48:47)
#21     _CustomZone.runUnary (dart:async/zone.dart:733:19)
#22     _CustomZone.runUnaryGuarded (dart:async/zone.dart:633:7)
#23     _BufferingStreamSubscription._sendData (dart:async/stream_impl.dart:381:11)
#24     _BufferingStreamSubscription._add (dart:async/stream_impl.dart:312:7)
#25     _SyncStreamControllerDispatch._sendData (dart:async/stream_controller.dart:798:19)
#26     _StreamController._add (dart:async/stream_controller.dart:663:7)
#27     _StreamController.add (dart:async/stream_controller.dart:618:5)
#28     _Socket._onData (dart:io-patch/socket_patch.dart:2874:41)
#29     _rootRunUnary (dart:async/zone_root.dart:56:13)
#30     _CustomZone.runUnary (dart:async/zone.dart:733:19)
#31     _CustomZone.runUnaryGuarded (dart:async/zone.dart:633:7)
#32     _BufferingStreamSubscription._sendData (dart:async/stream_impl.dart:381:11)
#33     _BufferingStreamSubscription._add (dart:async/stream_impl.dart:312:7)
#34     _SyncStreamControllerDispatch._sendData (dart:async/stream_controller.dart:798:19)
#35     _StreamController._add (dart:async/stream_controller.dart:663:7)
#36     _StreamController.add (dart:async/stream_controller.dart:618:5)
#37     new _RawSocket.<anonymous closure> (dart:io-patch/socket_patch.dart:2312:31)
#38     _NativeSocket.issueReadEvent.issue (dart:io-patch/socket_patch.dart:1647:14)
#39     _microtaskLoop (dart:async/schedule_microtask.dart:40:35)
#40     _startMicrotaskLoop (dart:async/schedule_microtask.dart:49:5)
#41     _runPendingImmediateCallback (dart:isolate-patch/isolate_patch.dart:127:13)
#42     _RawReceivePort._handleMessage (dart:isolate-patch/isolate_patch.dart:194:5)
```

## flutter doctor

```
[✓] Flutter (Channel stable, 3.41.1, on macOS 26.1 25B78 darwin-arm64, locale en-LK) [306ms]
    • Flutter version 3.41.1 on channel stable at /Users/sanathsajeevakumara/Desktop/flutter
    • Upstream repository https://github.com/flutter/flutter.git
    • Framework revision 582a0e7c55 (5 weeks ago), 2026-02-12 17:12:32 -0800
    • Engine revision 3452d735bd
    • Dart version 3.11.0
    • DevTools version 2.54.1
    • Feature flags: enable-web, enable-linux-desktop, enable-macos-desktop, enable-windows-desktop, enable-android, enable-ios, cli-animations, enable-native-assets, omit-legacy-version-file, enable-lldb-debugging, enable-uiscene-migration

[✓] Android toolchain - develop for Android devices (Android SDK version 36.1.0) [1,917ms]
    • Android SDK at /Users/sanathsajeevakumara/Library/Android/sdk
    • Emulator version 36.4.9.0 (build_id 14788078) (CL:N/A)
    • Platform android-36.1, build-tools 36.1.0
    • Java binary at: /Applications/Android Studio.app/Contents/jbr/Contents/Home/bin/java
      This is the JDK bundled with the latest Android Studio installation on this machine.
      To manually set the JDK path, use: `flutter config --jdk-dir="path/to/jdk"`.
    • Java version OpenJDK Runtime Environment (build 21.0.9+-14649483-b1163.86)
    • All Android licenses accepted.

[✓] Xcode - develop for iOS and macOS (Xcode 26.2) [894ms]
    • Xcode at /Applications/Xcode.app/Contents/Developer
    • Build 17C52
    • CocoaPods version 1.16.2

[✓] Chrome - develop for the web [4ms]
    • Chrome at /Applications/Google Chrome.app/Contents/MacOS/Google Chrome

[✓] Connected device (2 available) [6.8s]
    • macOS (desktop) • macos  • darwin-arm64   • macOS 26.1 25B78 darwin-arm64
    • Chrome (web)    • chrome • web-javascript • Google Chrome 146.0.7680.80

[✓] Network resources [418ms]
    • All expected network resources are available.

• No issues found!
```
