2026-01-26 07:44:46.517: [INFO] VisibilityChanged: 0
2026-01-26 07:44:46.573: [INFO] RecordSyncInitDuration has_sync_been_enabled: 0 state: 0
2026-01-26 07:44:46.575: [INFO] RecordSyncInitDuration has_sync_been_enabled: 0 state: 0
2026-01-26 07:44:46.578: [INFO] RecordSyncInitDuration has_sync_been_enabled: 0 state: 0
2026-01-26 07:44:46.580: [INFO] RecordSyncInitDuration has_sync_been_enabled: 0 state: 0
2026-01-26 07:44:46.582: [INFO] RecordSyncInitDuration has_sync_been_enabled: 0 state: 0
2026-01-26 07:44:46.583: [INFO] RecordSyncInitDuration has_sync_been_enabled: 0 state: 0
2026-01-26 07:44:46.585: [INFO] RecordSyncInitDuration has_sync_been_enabled: 0 state: 0
2026-01-26 07:44:46.586: [INFO] RecordSyncInitDuration has_sync_been_enabled: 0 state: 0
2026-01-26 07:44:46.588: [INFO] RecordSyncInitDuration has_sync_been_enabled: 0 state: 0
2026-01-26 07:44:46.590: [INFO] RecordSyncInitDuration has_sync_been_enabled: 0 state: 0
2026-01-26 07:44:46.592: [INFO] RecordSyncInitDuration has_sync_been_enabled: 0 state: 0
2026-01-26 07:44:46.602: [INFO] BookmarkNodeAdded, ABU: 0
2026-01-26 07:44:46.603: [INFO] BookmarkNodeAdded, ABU: 0
2026-01-26 07:44:46.603: [INFO] BookmarkNodeAdded, ABU: 0
2026-01-26 07:44:46.603: [INFO] BookmarkNodeAdded, ABU: 0
2026-01-26 07:44:46.603: [INFO] BookmarkModelLoaded, ids_reassigned: 0
2026-01-26 07:44:46.603: [INFO] OnDoneLoading sync enabled: 0
2026-01-26 07:44:46.696: [INFO] RecordSyncInitDuration has_sync_been_enabled: 0 state: 0
2026-01-26 07:44:47.494: [INFO] RecordSyncInitDuration has_sync_been_enabled: 0 state: 3
2026-01-26 07:44:47.497: [INFO] Primary account changed.
2026-01-26 07:44:47.497: [INFO] OnPrimaryAccountChanged PrimaryAccountChangeEvent::Type::kSet
2026-01-26 07:44:47.504: [INFO] RecordSyncInitDuration has_sync_been_enabled: 0 state: 3
2026-01-26 07:44:47.564: [INFO] RecordSyncInitDuration has_sync_been_enabled: 0 state: 3
2026-01-26 07:44:49.358: [INFO] BookmarkNodeAdded, ABU: 0
2026-01-26 07:44:49.358: [INFO] BookmarkNodeAdded, ABU: 0
2026-01-26 07:44:49.358: [INFO] BookmarkNodeAdded, ABU: 0
2026-01-26 07:44:49.358: [INFO] BookmarkNodeAdded, ABU: 0
2026-01-26 07:44:49.359: [INFO] BookmarkNodeAdded, ABU: 0
2026-01-26 07:44:49.359: [INFO] BookmarkNodeAdded, ABU: 0
2026-01-26 07:44:49.559: [INFO] BookmarkNodeAdded, ABU: 0
2026-01-26 07:44:49.560: [INFO] BookmarkNodeMoved
2026-01-26 07:44:49.560: [INFO] BookmarkNodeMoved
2026-01-26 07:44:49.560: [INFO] BookmarkNodeMoved
2026-01-26 07:44:49.560: [INFO] ReorderChildren, Url: 0, IsFolder: 1, IsWorkspace: 0
2026-01-26 07:44:49.560: [INFO] Remove, DeletionOrigin: 19
2026-01-26 07:44:49.560: [INFO] BookmarkNodeRemoved, Url: 0, IsFolder: 1, IsWorkspace: 0
2026-01-26 07:44:49.560: [INFO] BookmarkNodeAdded, ABU: 0
2026-01-26 07:44:49.560: [INFO] Remove, DeletionOrigin: 19
2026-01-26 07:44:49.560: [INFO] BookmarkNodeRemoved, Url: 1, IsFolder: 0, IsWorkspace: 0
2026-01-26 07:44:49.561: [INFO] BookmarkNodeAdded, ABU: 0
2026-01-26 07:44:49.561: [INFO] Remove, DeletionOrigin: 19
2026-01-26 07:44:49.561: [INFO] BookmarkNodeRemoved, Url: 1, IsFolder: 0, IsWorkspace: 0
2026-01-26 07:44:49.561: [INFO] BookmarkNodeAdded, ABU: 0
2026-01-26 07:44:49.561: [INFO] Remove, DeletionOrigin: 19
2026-01-26 07:44:49.561: [INFO] BookmarkNodeRemoved, Url: 1, IsFolder: 0, IsWorkspace: 0
2026-01-26 07:44:49.562: [INFO] BookmarkNodeAdded, ABU: 0
2026-01-26 07:44:49.562: [INFO] BookmarkNodeMoved
2026-01-26 07:44:49.562: [INFO] BookmarkNodeAdded, ABU: 0
2026-01-26 07:44:49.562: [INFO] Remove, DeletionOrigin: 19
2026-01-26 07:44:49.562: [INFO] BookmarkNodeRemoved, Url: 1, IsFolder: 0, IsWorkspace: 0
2026-01-26 07:44:49.563: [INFO] BookmarkNodeMoved
2026-01-26 07:44:49.563: [INFO] BookmarkNodeAdded, ABU: 0
2026-01-26 07:44:49.563: [INFO] Remove, DeletionOrigin: 19
2026-01-26 07:44:49.563: [INFO] BookmarkNodeRemoved, Url: 1, IsFolder: 0, IsWorkspace: 0
2026-01-26 07:44:49.563: [INFO] BookmarkNodeAdded, ABU: 0
2026-01-26 07:44:49.764: [INFO] Sync initialization duration: 1951ms
