{"logTime": "0126/074447", "correlationVector":"p9MdxDLTaMzf4+L+3/nBx2.1","action":"SyncServerConnectionManagerRequest", "result":"SYNC_SERVER_OK", "context":{"environment":"Prod_southeastasia_prod-s01-065-apac-southeastasia", "migrationStage":"NotStarted", "server":"akswtt110000008"}}
{"logTime": "0126/074447", "correlationVector":"p9MdxDLTaMzf4+L+3/nBx2.2","action":"ProcessGetUpdates", "result":"Done", "context":{"dataType":"Encryption Keys", "deleted":"0", "process_failed_to_decrypt":"0", "process_pending_decryption":"0", "process_success":"1", "total":"1"}}
{"logTime": "0126/074448", "correlationVector":"AtxDDa+i66iqGyibURCDD9","action":"SyncServerConnectionManagerRequest", "result":"SYNC_SERVER_OK", "context":{"environment":"", "migrationStage":"", "server":""}}
{"logTime": "0126/074448", "correlationVector":"AtxDDa+i66iqGyibURCDD9.0","action":"EncryptionKeysFetcher.DownloadKeys:", "result":"Success", "context":Key count: 9, Last key timestamp: 2026-01-26T07:43:50Z}
{"logTime": "0126/074448", "correlationVector":"AtxDDa+i66iqGyibURCDD9.1","action":"EncryptionKeysManager::SetEncryptionKeys:", "result":"Success", "context":Key names[9]:[EIQhoh7k1p15nXOX/jSESKSQ/DPJlwOSZHd/emCR1hONOnsMOIBLTqGwM7XxAIartszJZOZyX4lOKetSIo9QpQ==][2cbsvgxu6JFn4fYnaxLIzH0eBjWdtCr4GYo490eRkEggOLd7V9n4gJsvtsrS5gOuVz21oQQ8+6ro05QnIIyD0g==][pzR7LqK4S/McFjOE/AMsfRKeYbFX8aHAFq9uxvXBvIDst7Nq4zwDqFl5khJQcJLxK7XE2FVR70zoNy6ssek/1g==][06KEIw6qSZA/r2zY7M8Bw3oat5uV7wS9aTccX83K+wCULGTnr6jNGm9jbZ1HJFYH0XK0IW2VdZSCAguEw2UHnQ==][iMNL4co1hKpUgKxMUXr74TrNfIi3QE+3Q08Qi4bn3yKE9n/Vy45GQVguM+ITeYWDbuIRJDZ9IzwJwSQ46TYrRA==][4UANF4DJCZD0iqBjdyfIMcOqYXaw7twMplVdhY9sUwTUVn+HOcEn+GzeEJdTX+nVtq8S10CxSsrwlEgtLVepWg==][3GZrLvS9+GphJGUrZM1ECX+wluQ8u/aoixoQCGenllTpHdBaxH6FMA1JCq38RQ/621pI6BhijTlS17MVcCovKg==][8aFcbmg4pcGIbhHRbfgr32zrVT1g4W2/KbnOAxV8RL13F3K9hmSldAZP4kgeL7CdKGuS1oUObvQlOmT7cR90tw==][CLrisPMi7FGNK5cirySW458TCTZ4kul96fPDFYZbAo4XIKXdpAhFSpQSmlkY9aF8la4rqCIpYEmDcT7hGH69iA==]}
{"logTime": "0126/074448", "correlationVector":"AtxDDa+i66iqGyibURCDD9.2","action":"EncryptionKeysManager::SetEncryptionKeysWithTimestamps:", "result":"Success", "context":Key timestamps[9]:[2021-06-18T04:12:16Z][2022-01-17T05:31:54Z][2022-08-12T02:13:14Z][2023-03-21T16:26:17Z][2023-10-16T07:00:26Z][2024-06-11T13:28:46Z][2024-12-10T10:00:21Z][2025-06-11T06:54:25Z][2026-01-26T07:43:50Z]}
{"logTime": "0126/074448", "correlationVector":"p9MdxDLTaMzf4+L+3/nBx2","action":"Initial GetUpdates", "result":"", "context":Reason: NEW_CLIENT. cV=p9MdxDLTaMzf4+L+3/nBx2}
{"logTime": "0126/074448", "correlationVector":"p9MdxDLTaMzf4+L+3/nBx2.3","action":"GetUpdates Response", "result":"Success", "context":Received 1 update(s). cV=p9MdxDLTaMzf4+L+3/nBx2.0;server=akswtt110000008;cloudType=Consumer;environment=Prod_southeastasia_prod-s01-065-apac-southeastasia;migrationStage=NotStarted}
{"logTime": "0126/074448", "correlationVector":"fSRw1OHP8v1KagcIz3V9lG","action":"Initial GetUpdates", "result":"", "context":Reason: NEWLY_SUPPORTED_DATATYPE. cV=fSRw1OHP8v1KagcIz3V9lG}
{"logTime": "0126/074449", "correlationVector":"fSRw1OHP8v1KagcIz3V9lG.1","action":"SyncServerConnectionManagerRequest", "result":"SYNC_SERVER_OK", "context":{"environment":"Prod_southeastasia_prod-s01-064-apac-southeastasia", "migrationStage":"NotStarted", "server":"akswtt11000000f"}}
{"logTime": "0126/074449", "correlationVector":"fSRw1OHP8v1KagcIz3V9lG.2","action":"ProcessGetUpdates", "result":"Done", "context":{"dataType":"Preferences", "deleted":"0", "process_failed_to_decrypt":"0", "process_pending_decryption":"0", "process_success":"54", "total":"54"}}
{"logTime": "0126/074449", "correlationVector":"fSRw1OHP8v1KagcIz3V9lG.3","action":"ProcessGetUpdates", "result":"Done", "context":{"dataType":"Passwords", "deleted":"0", "process_failed_to_decrypt":"0", "process_pending_decryption":"0", "process_success":"2", "total":"2"}}
{"logTime": "0126/074449", "correlationVector":"fSRw1OHP8v1KagcIz3V9lG.4","action":"GetUpdates Response", "result":"Success", "context":Received 56 update(s). cV=fSRw1OHP8v1KagcIz3V9lG.0;server=akswtt11000000f;cloudType=Consumer;environment=Prod_southeastasia_prod-s01-064-apac-southeastasia;migrationStage=NotStarted}
{"logTime": "0126/074449", "correlationVector":"rZ/+c5OUN/d0q4nUImkZ1i","action":"Initial GetUpdates", "result":"", "context":Reason: NEWLY_SUPPORTED_DATATYPE. cV=rZ/+c5OUN/d0q4nUImkZ1i}
{"logTime": "0126/074449", "correlationVector":"rZ/+c5OUN/d0q4nUImkZ1i.1","action":"SyncServerConnectionManagerRequest", "result":"SYNC_SERVER_OK", "context":{"environment":"Prod_southeastasia_prod-s01-064-apac-southeastasia", "migrationStage":"NotStarted", "server":"akswtt11000000n"}}
{"logTime": "0126/074449", "correlationVector":"rZ/+c5OUN/d0q4nUImkZ1i.2","action":"ProcessGetUpdates", "result":"Done", "context":{"dataType":"Bookmarks", "deleted":"0", "process_failed_to_decrypt":"0", "process_pending_decryption":"0", "process_success":"14", "total":"14"}}
{"logTime": "0126/074449", "correlationVector":"rZ/+c5OUN/d0q4nUImkZ1i.3","action":"GetUpdates Response", "result":"Success", "context":Received 14 update(s). cV=rZ/+c5OUN/d0q4nUImkZ1i.0;server=akswtt11000000n;cloudType=Consumer;environment=Prod_southeastasia_prod-s01-064-apac-southeastasia;migrationStage=NotStarted}
{"logTime": "0126/074449", "correlationVector":"QFLJlTw9TpIxgJOvOhog+h","action":"Initial GetUpdates", "result":"", "context":Reason: NEWLY_SUPPORTED_DATATYPE. cV=QFLJlTw9TpIxgJOvOhog+h}
{"logTime": "0126/074449", "correlationVector":"QFLJlTw9TpIxgJOvOhog+h.1","action":"SyncServerConnectionManagerRequest", "result":"SYNC_SERVER_OK", "context":{"environment":"Prod_southeastasia_prod-s01-064-apac-southeastasia", "migrationStage":"NotStarted", "server":"akswtt11000000y"}}
{"logTime": "0126/074449", "correlationVector":"QFLJlTw9TpIxgJOvOhog+h.2","action":"ProcessGetUpdates", "result":"Done", "context":{"dataType":"Autofill Profiles", "deleted":"1", "process_failed_to_decrypt":"0", "process_pending_decryption":"0", "process_success":"2", "total":"2"}}
{"logTime": "0126/074449", "correlationVector":"QFLJlTw9TpIxgJOvOhog+h.3","action":"ProcessGetUpdates", "result":"Done", "context":{"dataType":"Autofill", "deleted":"0", "process_failed_to_decrypt":"0", "process_pending_decryption":"0", "process_success":"4", "total":"4"}}
{"logTime": "0126/074449", "correlationVector":"QFLJlTw9TpIxgJOvOhog+h.4","action":"ProcessGetUpdates", "result":"Done", "context":{"dataType":"Sessions", "deleted":"0", "process_failed_to_decrypt":"0", "process_pending_decryption":"0", "process_success":"2", "total":"2"}}
{"logTime": "0126/074449", "correlationVector":"QFLJlTw9TpIxgJOvOhog+h.5","action":"GetUpdates Response", "result":"Success", "context":Received 8 update(s). cV=QFLJlTw9TpIxgJOvOhog+h.0;server=akswtt11000000y;cloudType=Consumer;environment=Prod_southeastasia_prod-s01-064-apac-southeastasia;migrationStage=NotStarted}
{"logTime": "0126/074449", "correlationVector":"t+1LLKeFM2VUrFBxM0asJO","action":"Initial GetUpdates", "result":"", "context":Reason: NEWLY_SUPPORTED_DATATYPE. cV=t+1LLKeFM2VUrFBxM0asJO}
{"logTime": "0126/074450", "correlationVector":"t+1LLKeFM2VUrFBxM0asJO.1","action":"SyncServerConnectionManagerRequest", "result":"SYNC_SERVER_OK", "context":{"environment":"Prod_southeastasia_prod-s01-064-apac-southeastasia", "migrationStage":"NotStarted", "server":"akswtt11000000n"}}
{"logTime": "0126/074450", "correlationVector":"t+1LLKeFM2VUrFBxM0asJO.2","action":"ProcessGetUpdates", "result":"Done", "context":{"dataType":"History", "deleted":"0", "process_failed_to_decrypt":"0", "process_pending_decryption":"0", "process_success":"1", "total":"1"}}
{"logTime": "0126/074450", "correlationVector":"t+1LLKeFM2VUrFBxM0asJO.3","action":"GetUpdates Response", "result":"Success", "context":Received 1 update(s). cV=t+1LLKeFM2VUrFBxM0asJO.0;server=akswtt11000000n;cloudType=Consumer;environment=Prod_southeastasia_prod-s01-064-apac-southeastasia;migrationStage=NotStarted}
{"logTime": "0126/074450", "correlationVector":"pS7P95Ep9d0AhL5a7583aL","action":"Normal GetUpdate request", "result":"", "context":cV=pS7P95Ep9d0AhL5a7583aL
Nudged types: Sessions, Device Info, User Consents
Refresh requested types: Bookmarks, Preferences, Passwords, Autofill Profiles, Autofill, Extensions, Sessions, Extension settings, History Delete Directives, Device Info, User Consents, Send Tab To Self, Web Apps, History, Saved Tab Group, WebAuthn Credentials, Collection, Edge E Drop, Edge Hub App Usage, Edge Wallet, Encryption Keys}
{"logTime": "0126/074450", "correlationVector":"pS7P95Ep9d0AhL5a7583aL.1","action":"SyncServerConnectionManagerRequest", "result":"SYNC_SERVER_OK", "context":{"environment":"Prod_southeastasia_prod-s01-065-apac-southeastasia", "migrationStage":"NotStarted", "server":"akswtt110000004"}}
{"logTime": "0126/074450", "correlationVector":"pS7P95Ep9d0AhL5a7583aL.2","action":"GetUpdates Response", "result":"Success", "context":Received 0 update(s). cV=pS7P95Ep9d0AhL5a7583aL.0;server=akswtt110000004;cloudType=Consumer;environment=Prod_southeastasia_prod-s01-065-apac-southeastasia;migrationStage=NotStarted}
{"logTime": "0126/074450", "correlationVector":"ozAPzufOzyHWWLH76gefNU","action":"DoCompareDataConsistency requsted types: ", "result":"Bookmarks, Preferences, Passwords, Extensions, Extension settings, History Delete Directives, Send Tab To Self, Web Apps, History, Saved Tab Group, WebAuthn Credentials, Collection, Edge E Drop, Edge Wallet, Encryption Keys"}
{"logTime": "0126/074450", "correlationVector":"ozAPzufOzyHWWLH76gefNU.0","action":"CompareDataConsistency result: ", "result":"Compare result: Encryption Keys is consistent. local entities count is: 1 local entities hash is: ypisBA8Q71j8utYn+J7HQ6Em2VM="}
{"logTime": "0126/074450", "correlationVector":"ozAPzufOzyHWWLH76gefNU.1","action":"CompareDataConsistency result: ", "result":"Compare result: Bookmarks is consistent. local entities count is: 8 local entities hash is: qM/fy4MC4pm++CpGzOvLPGIQGWk="}
{"logTime": "0126/074450", "correlationVector":"ozAPzufOzyHWWLH76gefNU.2","action":"CompareDataConsistency result: ", "result":"Compare result: Preferences is consistent. local entities count is: 54 local entities hash is: vIdxxdYSrfSl4H83g6cC8a0KXVc="}
{"logTime": "0126/074450", "correlationVector":"ozAPzufOzyHWWLH76gefNU.3","action":"CompareDataConsistency result: ", "result":"Compare result: Extensions is consistent. local entities count is: 0 local entities hash is: "}
{"logTime": "0126/074450", "correlationVector":"ozAPzufOzyHWWLH76gefNU.4","action":"CompareDataConsistency result: ", "result":"Compare result: Extension settings is consistent. local entities count is: 0 local entities hash is: "}
{"logTime": "0126/074450", "correlationVector":"ozAPzufOzyHWWLH76gefNU.5","action":"CompareDataConsistency result: ", "result":"Compare result: History Delete Directives is consistent. local entities count is: 0 local entities hash is: "}
{"logTime": "0126/074450", "correlationVector":"ozAPzufOzyHWWLH76gefNU.6","action":"CompareDataConsistency result: ", "result":"Server did not send this Send Tab To Self local entities count is: 0 local entities hash is: "}
{"logTime": "0126/074450", "correlationVector":"ozAPzufOzyHWWLH76gefNU.7","action":"CompareDataConsistency result: ", "result":"Compare result: Web Apps is consistent. local entities count is: 0 local entities hash is: "}
{"logTime": "0126/074450", "correlationVector":"ozAPzufOzyHWWLH76gefNU.8","action":"CompareDataConsistency result: ", "result":"Server did not send this History local entities count is: 0 local entities hash is: "}
{"logTime": "0126/074450", "correlationVector":"ozAPzufOzyHWWLH76gefNU.9","action":"CompareDataConsistency result: ", "result":"Compare result: Saved Tab Group is consistent. local entities count is: 0 local entities hash is: "}
{"logTime": "0126/074450", "correlationVector":"ozAPzufOzyHWWLH76gefNU.10","action":"CompareDataConsistency result: ", "result":"Server did not send this WebAuthn Credentials local entities count is: 0 local entities hash is: "}
{"logTime": "0126/074450", "correlationVector":"ozAPzufOzyHWWLH76gefNU.11","action":"CompareDataConsistency result: ", "result":"Compare result: Collection is consistent. local entities count is: 0 local entities hash is: "}
{"logTime": "0126/074450", "correlationVector":"ozAPzufOzyHWWLH76gefNU.12","action":"CompareDataConsistency result: ", "result":"Compare result: Edge E Drop is consistent. local entities count is: 0 local entities hash is: "}
{"logTime": "0126/074450", "correlationVector":"ozAPzufOzyHWWLH76gefNU.13","action":"CompareDataConsistency result: ", "result":"Compare result: Edge Wallet is consistent. local entities count is: 0 local entities hash is: "}
{"logTime": "0126/074450", "correlationVector":"ozAPzufOzyHWWLH76gefNU.14","action":"CompareDataConsistency result: ", "result":"Compare result: Passwords is consistent. local entities count is: 2 local entities hash is: 3ZxAR/+JK1Oop8a4cnDQYStHd/A="}
{"logTime": "0126/074450", "correlationVector":"KVr2wcIqwvNC5qWMtv6WXl","action":"Commit Request", "result":"", "context":Item count: 5
Contributing types: Sessions, Device Info, User Consents}
{"logTime": "0126/074450", "correlationVector":"KVr2wcIqwvNC5qWMtv6WXl.1","action":"SyncServerConnectionManagerRequest", "result":"SYNC_SERVER_OK", "context":{"environment":"Prod_southeastasia_prod-s01-065-apac-southeastasia", "migrationStage":"NotStarted", "server":"akswtt11000000q"}}
{"logTime": "0126/074450", "correlationVector":"KVr2wcIqwvNC5qWMtv6WXl.2","action":"Commit Response", "result":"Success", "context":Result: Success. cV=KVr2wcIqwvNC5qWMtv6WXl.0;server=akswtt11000000q;cloudType=Consumer;environment=Prod_southeastasia_prod-s01-065-apac-southeastasia;migrationStage=NotStarted}
{"logTime": "0126/074451", "correlationVector":"","action":"DIAGNOSTIC_REQUEST|v1/diagnosticData/Diagnostic.SendCheckResult()|SUCCESS", "result":""}
